<?xml version="1.0" encoding="UTF-8"?>
<!-- Generated by org.testng.reporters.JUnitReportReporter -->
<testsuite hostname="Vigneshwaran" failures="0" tests="1" name="testScripts.BooksTest" time="49.345" errors="0" timestamp="2024-04-30T15:53:47 IST" skipped="0">
  <testcase classname="testScripts.BooksTest" name="books_001" time="49.345"/>
</testsuite> <!-- testScripts.BooksTest -->
