<?xml version="1.0" encoding="UTF-8"?>
<!-- Generated by org.testng.reporters.JUnitReportReporter -->
<testsuite hostname="Vigneshwaran" failures="0" tests="2" name="testScripts.Invocation_ThreadpoolTest" time="8.970" errors="0" timestamp="2024-04-30T16:02:13 IST" skipped="1">
  <testcase classname="testScripts.Invocation_ThreadpoolTest" name="register" time="8.970"/>
  <testcase classname="testScripts.Invocation_ThreadpoolTest" name="payMent">
    <skipped/>
  </testcase> <!-- payMent -->
</testsuite> <!-- testScripts.Invocation_ThreadpoolTest -->
