<?xml version="1.0" encoding="UTF-8"?>
<!-- Generated by org.testng.reporters.JUnitReportReporter -->
<testsuite hostname="Vigneshwaran" failures="0" tests="4" name="testScripts.Priority_Dependson_Test" time="54.825" errors="0" timestamp="2024-04-30T15:53:47 IST" skipped="0">
  <testcase classname="testScripts.Priority_Dependson_Test" name="register" time="32.071"/>
  <testcase classname="testScripts.Priority_Dependson_Test" name="addTocart" time="10.865"/>
  <testcase classname="testScripts.Priority_Dependson_Test" name="payMent" time="5.868"/>
  <testcase classname="testScripts.Priority_Dependson_Test" name="login" time="6.021"/>
</testsuite> <!-- testScripts.Priority_Dependson_Test -->
