<?xml version="1.0" encoding="UTF-8"?>
<!-- Generated by org.testng.reporters.JUnitReportReporter -->
<testsuite hostname="Vigneshwaran" failures="0" tests="1" name="testScripts.TestNG_Task1" time="18.766" errors="0" timestamp="2024-04-30T15:35:14 IST" skipped="0">
  <testcase classname="testScripts.TestNG_Task1" name="RegisteranAccnt" time="18.766"/>
</testsuite> <!-- testScripts.TestNG_Task1 -->
